<?xml version="1.0" encoding="UTF-8"?>
<testng-results ignored="0" total="1" passed="1" failed="0" skipped="0">
  <reporter-output>
  </reporter-output>
  <suite started-at="2025-02-05T14:00:49 IST" name="Suite" finished-at="2025-02-05T14:01:12 IST" duration-ms="23053">
    <groups>
    </groups>
    <test started-at="2025-02-05T14:00:49 IST" name="Test" finished-at="2025-02-05T14:01:12 IST" duration-ms="23053">
      <class name="testcase.TestCase1">
        <test-method is-config="true" signature="launch()[pri:0, instance:testcase.TestCase1@2d52216b]" started-at="2025-02-05T14:00:49 IST" name="launch" finished-at="2025-02-05T14:01:05 IST" duration-ms="16370" status="PASS">
          <reporter-output>
          </reporter-output>
        </test-method> <!-- launch -->
        <test-method signature="login_to_Amazon()[pri:0, instance:testcase.TestCase1@2d52216b]" started-at="2025-02-05T14:01:05 IST" name="login_to_Amazon" finished-at="2025-02-05T14:01:05 IST" duration-ms="4" status="PASS">
          <reporter-output>
          </reporter-output>
        </test-method> <!-- login_to_Amazon -->
        <test-method is-config="true" signature="quit()[pri:0, instance:testcase.TestCase1@2d52216b]" started-at="2025-02-05T14:01:05 IST" name="quit" finished-at="2025-02-05T14:01:12 IST" duration-ms="6627" status="PASS">
          <reporter-output>
          </reporter-output>
        </test-method> <!-- quit -->
      </class> <!-- testcase.TestCase1 -->
    </test> <!-- Test -->
  </suite> <!-- Suite -->
</testng-results>
